<?xml version="1.0" encoding="UTF-8" ?>
<testsuites>
  <testsuite errors="0" failures="0" hostname="jeffrey-gortatowskys-macbook-pro-15.local" id="0" name="ObservingSessionTests" package="org.gortatowsky.jaala.domain" tests="1" time="0.746" timestamp="2009-10-09T03:52:50">
      <properties />

      <testcase classname="org.gortatowsky.jaala.domain.ObservingSessionTests" name="testCreateObservingSession" time="0.746" />

      <system-out><![CDATA[--Output from testCreateObservingSession--
]]></system-out>

      <system-err><![CDATA[--Output from testCreateObservingSession--
]]></system-err>

  </testsuite>
  <testsuite errors="0" failures="0" hostname="jeffrey-gortatowskys-macbook-pro-15.local" id="1" name="SiteTests" package="org.gortatowsky.jaala.domain" tests="5" time="0.371" timestamp="2009-10-09T03:52:51">
      <properties />

      <testcase classname="org.gortatowsky.jaala.domain.SiteTests" name="testNullSiteFails" time="0.229" />

      <testcase classname="org.gortatowsky.jaala.domain.SiteTests" name="testBlankSiteFails" time="0.018" />

      <testcase classname="org.gortatowsky.jaala.domain.SiteTests" name="testNonBlankSiteNameOk" time="0.014" />

      <testcase classname="org.gortatowsky.jaala.domain.SiteTests" name="testNameTooLong" time="0.017" />

      <testcase classname="org.gortatowsky.jaala.domain.SiteTests" name="testBadLatLong" time="0.093" />

      <system-out><![CDATA[--Output from testNullSiteFails--
--Output from testBlankSiteFails--
--Output from testNonBlankSiteNameOk--
--Output from testNameTooLong--
--Output from testBadLatLong--
]]></system-out>

      <system-err><![CDATA[--Output from testNullSiteFails--
Oct 8, 2009 8:52:51 PM sun.reflect.NativeMethodAccessorImpl invoke0
INFO: org.codehaus.groovy.grails.plugins.testing.GrailsMockErrors: 1 errors
Field error in object 'org.gortatowsky.jaala.domain.Site' on field 'name': rejected value [null]; codes [org.gortatowsky.jaala.domain.Site.name.nullable.error.org.gortatowsky.jaala.domain.Site.name,org.gortatowsky.jaala.domain.Site.name.nullable.error.name,org.gortatowsky.jaala.domain.Site.name.nullable.error.java.lang.String,org.gortatowsky.jaala.domain.Site.name.nullable.error,site.name.nullable.error.org.gortatowsky.jaala.domain.Site.name,site.name.nullable.error.name,site.name.nullable.error.java.lang.String,site.name.nullable.error,org.gortatowsky.jaala.domain.Site.name.nullable.org.gortatowsky.jaala.domain.Site.name,org.gortatowsky.jaala.domain.Site.name.nullable.name,org.gortatowsky.jaala.domain.Site.name.nullable.java.lang.String,org.gortatowsky.jaala.domain.Site.name.nullable,site.name.nullable.org.gortatowsky.jaala.domain.Site.name,site.name.nullable.name,site.name.nullable.java.lang.String,site.name.nullable,nullable.org.gortatowsky.jaala.domain.Site.name,nullable.name,nullable.java.lang.String,nullable]; arguments [name,class org.gortatowsky.jaala.domain.Site]; default message [Property [{0}] of class [{1}] cannot be null]
--Output from testBlankSiteFails--
Oct 8, 2009 8:52:51 PM sun.reflect.NativeMethodAccessorImpl invoke0
INFO: org.codehaus.groovy.grails.plugins.testing.GrailsMockErrors: 1 errors
Field error in object 'org.gortatowsky.jaala.domain.Site' on field 'name': rejected value []; codes [org.gortatowsky.jaala.domain.Site.name.blank.error.org.gortatowsky.jaala.domain.Site.name,org.gortatowsky.jaala.domain.Site.name.blank.error.name,org.gortatowsky.jaala.domain.Site.name.blank.error.java.lang.String,org.gortatowsky.jaala.domain.Site.name.blank.error,site.name.blank.error.org.gortatowsky.jaala.domain.Site.name,site.name.blank.error.name,site.name.blank.error.java.lang.String,site.name.blank.error,org.gortatowsky.jaala.domain.Site.name.blank.org.gortatowsky.jaala.domain.Site.name,org.gortatowsky.jaala.domain.Site.name.blank.name,org.gortatowsky.jaala.domain.Site.name.blank.java.lang.String,org.gortatowsky.jaala.domain.Site.name.blank,site.name.blank.org.gortatowsky.jaala.domain.Site.name,site.name.blank.name,site.name.blank.java.lang.String,site.name.blank,blank.org.gortatowsky.jaala.domain.Site.name,blank.name,blank.java.lang.String,blank]; arguments [name,class org.gortatowsky.jaala.domain.Site]; default message [Property [{0}] of class [{1}] cannot be blank]
--Output from testNonBlankSiteNameOk--
--Output from testNameTooLong--
Oct 8, 2009 8:52:51 PM sun.reflect.NativeMethodAccessorImpl invoke0
INFO: org.codehaus.groovy.grails.plugins.testing.GrailsMockErrors: 1 errors
Field error in object 'org.gortatowsky.jaala.domain.Site' on field 'name': rejected value [11111111111111111111111111111111111111111111111111111111111111111111111111111111111111111111111111111]; codes [org.gortatowsky.jaala.domain.Site.name.size.error.org.gortatowsky.jaala.domain.Site.name,org.gortatowsky.jaala.domain.Site.name.size.error.name,org.gortatowsky.jaala.domain.Site.name.size.error.java.lang.String,org.gortatowsky.jaala.domain.Site.name.size.error,site.name.size.error.org.gortatowsky.jaala.domain.Site.name,site.name.size.error.name,site.name.size.error.java.lang.String,site.name.size.error,org.gortatowsky.jaala.domain.Site.name.size.toobig.org.gortatowsky.jaala.domain.Site.name,org.gortatowsky.jaala.domain.Site.name.size.toobig.name,org.gortatowsky.jaala.domain.Site.name.size.toobig.java.lang.String,org.gortatowsky.jaala.domain.Site.name.size.toobig,site.name.size.toobig.org.gortatowsky.jaala.domain.Site.name,site.name.size.toobig.name,site.name.size.toobig.java.lang.String,site.name.size.toobig,size.toobig.org.gortatowsky.jaala.domain.Site.name,size.toobig.name,size.toobig.java.lang.String,size.toobig]; arguments [name,class org.gortatowsky.jaala.domain.Site,11111111111111111111111111111111111111111111111111111111111111111111111111111111111111111111111111111,1,100]; default message [Property [{0}] of class [{1}] with value [{2}] does not fall within the valid size range from [{3}] to [{4}]]
--Output from testBadLatLong--
Oct 8, 2009 8:52:51 PM sun.reflect.NativeMethodAccessorImpl invoke0
INFO: org.codehaus.groovy.grails.plugins.testing.GrailsMockErrors: 1 errors
Field error in object 'org.gortatowsky.jaala.domain.Site' on field 'longitude': rejected value [180.0]; codes [org.gortatowsky.jaala.domain.Site.longitude.range.error.org.gortatowsky.jaala.domain.Site.longitude,org.gortatowsky.jaala.domain.Site.longitude.range.error.longitude,org.gortatowsky.jaala.domain.Site.longitude.range.error.java.lang.Double,org.gortatowsky.jaala.domain.Site.longitude.range.error,site.longitude.range.error.org.gortatowsky.jaala.domain.Site.longitude,site.longitude.range.error.longitude,site.longitude.range.error.java.lang.Double,site.longitude.range.error,org.gortatowsky.jaala.domain.Site.longitude.range.toobig.org.gortatowsky.jaala.domain.Site.longitude,org.gortatowsky.jaala.domain.Site.longitude.range.toobig.longitude,org.gortatowsky.jaala.domain.Site.longitude.range.toobig.java.lang.Double,org.gortatowsky.jaala.domain.Site.longitude.range.toobig,site.longitude.range.toobig.org.gortatowsky.jaala.domain.Site.longitude,site.longitude.range.toobig.longitude,site.longitude.range.toobig.java.lang.Double,site.longitude.range.toobig,range.toobig.org.gortatowsky.jaala.domain.Site.longitude,range.toobig.longitude,range.toobig.java.lang.Double,range.toobig]; arguments [longitude,class org.gortatowsky.jaala.domain.Site,180.0,-90.0,90.0]; default message [Property [{0}] of class [{1}] with value [{2}] does not fall within the valid range from [{3}] to [{4}]]
Oct 8, 2009 8:52:51 PM sun.reflect.NativeMethodAccessorImpl invoke0
INFO: org.codehaus.groovy.grails.plugins.testing.GrailsMockErrors: 1 errors
Field error in object 'org.gortatowsky.jaala.domain.Site' on field 'latitude': rejected value [180.0]; codes [org.gortatowsky.jaala.domain.Site.latitude.range.error.org.gortatowsky.jaala.domain.Site.latitude,org.gortatowsky.jaala.domain.Site.latitude.range.error.latitude,org.gortatowsky.jaala.domain.Site.latitude.range.error.java.lang.Double,org.gortatowsky.jaala.domain.Site.latitude.range.error,site.latitude.range.error.org.gortatowsky.jaala.domain.Site.latitude,site.latitude.range.error.latitude,site.latitude.range.error.java.lang.Double,site.latitude.range.error,org.gortatowsky.jaala.domain.Site.latitude.range.toobig.org.gortatowsky.jaala.domain.Site.latitude,org.gortatowsky.jaala.domain.Site.latitude.range.toobig.latitude,org.gortatowsky.jaala.domain.Site.latitude.range.toobig.java.lang.Double,org.gortatowsky.jaala.domain.Site.latitude.range.toobig,site.latitude.range.toobig.org.gortatowsky.jaala.domain.Site.latitude,site.latitude.range.toobig.latitude,site.latitude.range.toobig.java.lang.Double,site.latitude.range.toobig,range.toobig.org.gortatowsky.jaala.domain.Site.latitude,range.toobig.latitude,range.toobig.java.lang.Double,range.toobig]; arguments [latitude,class org.gortatowsky.jaala.domain.Site,180.0,-90.0,90.0]; default message [Property [{0}] of class [{1}] with value [{2}] does not fall within the valid range from [{3}] to [{4}]]
Oct 8, 2009 8:52:51 PM sun.reflect.NativeMethodAccessorImpl invoke0
INFO: org.codehaus.groovy.grails.plugins.testing.GrailsMockErrors: 1 errors
Field error in object 'org.gortatowsky.jaala.domain.Site' on field 'altitudeInMeters': rejected value [-400]; codes [org.gortatowsky.jaala.domain.Site.altitudeInMeters.range.error.org.gortatowsky.jaala.domain.Site.altitudeInMeters,org.gortatowsky.jaala.domain.Site.altitudeInMeters.range.error.altitudeInMeters,org.gortatowsky.jaala.domain.Site.altitudeInMeters.range.error.java.lang.Integer,org.gortatowsky.jaala.domain.Site.altitudeInMeters.range.error,site.altitudeInMeters.range.error.org.gortatowsky.jaala.domain.Site.altitudeInMeters,site.altitudeInMeters.range.error.altitudeInMeters,site.altitudeInMeters.range.error.java.lang.Integer,site.altitudeInMeters.range.error,org.gortatowsky.jaala.domain.Site.altitudeInMeters.range.toosmall.org.gortatowsky.jaala.domain.Site.altitudeInMeters,org.gortatowsky.jaala.domain.Site.altitudeInMeters.range.toosmall.altitudeInMeters,org.gortatowsky.jaala.domain.Site.altitudeInMeters.range.toosmall.java.lang.Integer,org.gortatowsky.jaala.domain.Site.altitudeInMeters.range.toosmall,site.altitudeInMeters.range.toosmall.org.gortatowsky.jaala.domain.Site.altitudeInMeters,site.altitudeInMeters.range.toosmall.altitudeInMeters,site.altitudeInMeters.range.toosmall.java.lang.Integer,site.altitudeInMeters.range.toosmall,range.toosmall.org.gortatowsky.jaala.domain.Site.altitudeInMeters,range.toosmall.altitudeInMeters,range.toosmall.java.lang.Integer,range.toosmall]; arguments [altitudeInMeters,class org.gortatowsky.jaala.domain.Site,-400,-250,9000]; default message [Property [{0}] of class [{1}] with value [{2}] does not fall within the valid range from [{3}] to [{4}]]
Oct 8, 2009 8:52:51 PM sun.reflect.NativeMethodAccessorImpl invoke0
INFO: org.codehaus.groovy.grails.plugins.testing.GrailsMockErrors: 1 errors
Field error in object 'org.gortatowsky.jaala.domain.Site' on field 'altitudeInMeters': rejected value [22400]; codes [org.gortatowsky.jaala.domain.Site.altitudeInMeters.range.error.org.gortatowsky.jaala.domain.Site.altitudeInMeters,org.gortatowsky.jaala.domain.Site.altitudeInMeters.range.error.altitudeInMeters,org.gortatowsky.jaala.domain.Site.altitudeInMeters.range.error.java.lang.Integer,org.gortatowsky.jaala.domain.Site.altitudeInMeters.range.error,site.altitudeInMeters.range.error.org.gortatowsky.jaala.domain.Site.altitudeInMeters,site.altitudeInMeters.range.error.altitudeInMeters,site.altitudeInMeters.range.error.java.lang.Integer,site.altitudeInMeters.range.error,org.gortatowsky.jaala.domain.Site.altitudeInMeters.range.toobig.org.gortatowsky.jaala.domain.Site.altitudeInMeters,org.gortatowsky.jaala.domain.Site.altitudeInMeters.range.toobig.altitudeInMeters,org.gortatowsky.jaala.domain.Site.altitudeInMeters.range.toobig.java.lang.Integer,org.gortatowsky.jaala.domain.Site.altitudeInMeters.range.toobig,site.altitudeInMeters.range.toobig.org.gortatowsky.jaala.domain.Site.altitudeInMeters,site.altitudeInMeters.range.toobig.altitudeInMeters,site.altitudeInMeters.range.toobig.java.lang.Integer,site.altitudeInMeters.range.toobig,range.toobig.org.gortatowsky.jaala.domain.Site.altitudeInMeters,range.toobig.altitudeInMeters,range.toobig.java.lang.Integer,range.toobig]; arguments [altitudeInMeters,class org.gortatowsky.jaala.domain.Site,22400,-250,9000]; default message [Property [{0}] of class [{1}] with value [{2}] does not fall within the valid range from [{3}] to [{4}]]
Oct 8, 2009 8:52:51 PM sun.reflect.NativeMethodAccessorImpl invoke0
INFO: org.codehaus.groovy.grails.plugins.testing.GrailsMockErrors: 1 errors
Field error in object 'org.gortatowsky.jaala.domain.Site' on field 'altitudeInMeters': rejected value [9001]; codes [org.gortatowsky.jaala.domain.Site.altitudeInMeters.range.error.org.gortatowsky.jaala.domain.Site.altitudeInMeters,org.gortatowsky.jaala.domain.Site.altitudeInMeters.range.error.altitudeInMeters,org.gortatowsky.jaala.domain.Site.altitudeInMeters.range.error.java.lang.Integer,org.gortatowsky.jaala.domain.Site.altitudeInMeters.range.error,site.altitudeInMeters.range.error.org.gortatowsky.jaala.domain.Site.altitudeInMeters,site.altitudeInMeters.range.error.altitudeInMeters,site.altitudeInMeters.range.error.java.lang.Integer,site.altitudeInMeters.range.error,org.gortatowsky.jaala.domain.Site.altitudeInMeters.range.toobig.org.gortatowsky.jaala.domain.Site.altitudeInMeters,org.gortatowsky.jaala.domain.Site.altitudeInMeters.range.toobig.altitudeInMeters,org.gortatowsky.jaala.domain.Site.altitudeInMeters.range.toobig.java.lang.Integer,org.gortatowsky.jaala.domain.Site.altitudeInMeters.range.toobig,site.altitudeInMeters.range.toobig.org.gortatowsky.jaala.domain.Site.altitudeInMeters,site.altitudeInMeters.range.toobig.altitudeInMeters,site.altitudeInMeters.range.toobig.java.lang.Integer,site.altitudeInMeters.range.toobig,range.toobig.org.gortatowsky.jaala.domain.Site.altitudeInMeters,range.toobig.altitudeInMeters,range.toobig.java.lang.Integer,range.toobig]; arguments [altitudeInMeters,class org.gortatowsky.jaala.domain.Site,9001,-250,9000]; default message [Property [{0}] of class [{1}] with value [{2}] does not fall within the valid range from [{3}] to [{4}]]
]]></system-err>

  </testsuite>
</testsuites>
